<?xml version="1.0" encoding="utf-8"?><testsuites name="pytest tests"><testsuite name="pytest" errors="0" failures="0" skipped="0" tests="23" time="97.010" timestamp="2026-08-23T05:24:36.817533+00:00" hostname="agent-env-9cdb79e2-2fae-4ea0-8453-4053178d4d4a"><testcase classname="tests.test_sanjeevan_e2e.TestAuth" name="test_send_otp_returns_dev_otp" time="7.668" /><testcase classname="tests.test_sanjeevan_e2e.TestAuth" name="test_send_otp_rate_limit_429" time="7.141" /><testcase classname="tests.test_sanjeevan_e2e.TestClinicSearch" name="test_search_sanjeevan_returns_three" time="14.633" /><testcase classname="tests.test_sanjeevan_e2e.TestClinicSearch" name="test_search_multispeciality_nashik" time="2.220" /><testcase classname="tests.test_sanjeevan_e2e.TestAuth" name="test_verify_otp_wrong_code_400" time="3.018" /><testcase classname="tests.test_sanjeevan_e2e.TestClinicSearch" name="test_specialties_endpoint" time="4.030" /><testcase classname="tests.test_sanjeevan_e2e.TestAuth" name="test_verify_otp_correct_returns_token" time="4.970" /><testcase classname="tests.test_sanjeevan_e2e.TestClinicSearch" name="test_doctors_by_specialty" time="4.044" /><testcase classname="tests.test_sanjeevan_e2e.TestRoleSecurity" name="test_patient_forbidden_on_queue_next" time="1.619" /><testcase classname="tests.test_sanjeevan_e2e.TestAuth" name="test_me_returns_role_and_patient_id" time="5.764" /><testcase classname="tests.test_sanjeevan_e2e.TestRoleSecurity" name="test_patient_forbidden_on_walk_in" time="1.617" /><testcase classname="tests.test_sanjeevan_e2e.TestAuth" name="test_protected_without_token_401" time="0.054" /><testcase classname="tests.test_sanjeevan_e2e.TestAuth" name="test_protected_with_bogus_token_401" time="1.437" /><testcase classname="tests.test_sanjeevan_e2e.TestAuth" name="test_logout_invalidates_session" time="8.969" /><testcase classname="tests.test_sanjeevan_e2e.TestRoleSecurity" name="test_receptionist_can_call_next" time="13.950" /><testcase classname="tests.test_sanjeevan_e2e.TestIsolation" name="test_patient_cannot_view_other_patients_appointment" time="24.900" /><testcase classname="tests.test_sanjeevan_e2e.TestPayments" name="test_order_amount_and_confirm_idempotent" time="26.539" /><testcase classname="tests.test_sanjeevan_e2e.TestIsolation" name="test_signed_file_url_isolation" time="9.756" /><testcase classname="tests.test_sanjeevan_e2e.TestPayments" name="test_webhook_missing_signature_400" time="0.042" /><testcase classname="tests.test_sanjeevan_e2e.TestPayments" name="test_webhook_bad_signature_400" time="0.042" /><testcase classname="tests.test_sanjeevan_e2e.TestQueue" name="test_queue_me_for_seeded_patient" time="2.607" /><testcase classname="tests.test_sanjeevan_e2e.TestAvailability" name="test_availability_returns_5_days_with_slots" time="6.028" /><testcase classname="tests.test_sanjeevan_e2e.TestDoubleBooking" name="test_concurrent_hold_exactly_one_success" time="16.893" /></testsuite></testsuites>